2021-12-03 15:38:39 - INFO - "GET / HTTP/1.1" 200 1219
2021-12-03 15:38:39 - INFO - "GET /static/style.css HTTP/1.1" 200 648
2021-12-03 16:32:21 - WARNING - "GET /dog HTTP/1.1" 404 1536
2021-12-03 16:32:21 - INFO - "GET / HTTP/1.1" 200 1219
2021-12-03 16:32:21 - INFO - "GET /static/style.css HTTP/1.1" 304 0
2021-12-03 16:32:21 - INFO - "GET /todos HTTP/1.1" 200 433
2021-12-03 16:32:21 - INFO - "GET /todos/1 HTTP/1.1" 200 147
2021-12-03 16:32:21 - INFO - "GET /todos/3 HTTP/1.1" 200 141
2021-12-03 16:35:04 - INFO - "POST /todos HTTP/1.1" 200 150
2021-12-03 16:35:04 - INFO - "PUT /todos/1 HTTP/1.1" 200 2
2021-12-03 16:35:04 - INFO - "GET /todos/ HTTP/1.1" 200 585
2021-12-03 16:35:04 - INFO - "GET /todos/ HTTP/1.1" 200 585
2021-12-03 16:35:04 - INFO - "PUT /todos/1 HTTP/1.1" 200 2
2021-12-03 16:38:19 - ERROR - ResponseError in 0 on line 0
2021-12-03 16:39:47 - INFO - "PUT /todos/1 HTTP/1.1" 200 142
2021-12-03 16:39:47 - INFO - "PUT /todos/1 HTTP/1.1" 200 151
2021-12-03 16:39:47 - INFO - "GET /todos/1 HTTP/1.1" 200 151
2021-12-03 16:39:47 - INFO - "GET /todos/ HTTP/1.1" 200 589
2021-12-03 16:39:47 - INFO - "GET /todos/ HTTP/1.1" 200 589
2021-12-03 16:39:47 - INFO - "PUT /todos/4 HTTP/1.1" 200 150
2021-12-03 16:39:47 - INFO - "GET /todos/ HTTP/1.1" 200 589
2021-12-03 16:39:47 - INFO - "GET /todos/ HTTP/1.1" 200 589
2021-12-03 16:39:47 - INFO - "DELETE /todos/3 HTTP/1.1" 200 143
2021-12-03 16:39:47 - INFO - "GET /todos/ HTTP/1.1" 200 446
2021-12-03 16:39:47 - INFO - "GET / HTTP/1.1" 200 1219
2021-12-03 16:39:47 - INFO - "GET /static/style.css HTTP/1.1" 304 0
2021-12-03 16:39:47 - INFO - "GET /todos/1 HTTP/1.1" 200 151
